<?xml version="1.0" encoding="UTF-8"?>
<testng-results ignored="0" total="1" passed="1" failed="0" skipped="0">
  <reporter-output>
  </reporter-output>
  <suite started-at="2022-11-29T10:07:32 IST" name="RegressionSuite" finished-at="2022-11-29T10:07:52 IST" duration-ms="19740">
    <groups>
    </groups>
    <test started-at="2022-11-29T10:07:32 IST" name="RegressionTest" finished-at="2022-11-29T10:07:52 IST" duration-ms="19740">
      <class name="ai.ds.testLayer.LoginPageTest">
        <test-method is-config="true" signature="start()[pri:0, instance:ai.ds.testLayer.LoginPageTest@222545dc]" started-at="2022-11-29T10:07:32 IST" name="start" finished-at="2022-11-29T10:07:32 IST" duration-ms="168" status="PASS">
          <reporter-output>
          </reporter-output>
        </test-method> <!-- start -->
        <test-method is-config="true" signature="setUp()[pri:0, instance:ai.ds.testLayer.LoginPageTest@222545dc]" started-at="2022-11-29T10:07:32 IST" name="setUp" finished-at="2022-11-29T10:07:48 IST" duration-ms="15635" status="PASS">
          <reporter-output>
          </reporter-output>
        </test-method> <!-- setUp -->
        <test-method signature="verifyLoginTest()[pri:0, instance:ai.ds.testLayer.LoginPageTest@222545dc]" started-at="2022-11-29T10:07:48 IST" name="verifyLoginTest" finished-at="2022-11-29T10:07:51 IST" duration-ms="3029" status="PASS">
          <reporter-output>
          </reporter-output>
        </test-method> <!-- verifyLoginTest -->
        <test-method is-config="true" signature="tearDown()[pri:0, instance:ai.ds.testLayer.LoginPageTest@222545dc]" started-at="2022-11-29T10:07:51 IST" name="tearDown" finished-at="2022-11-29T10:07:52 IST" duration-ms="847" status="PASS">
          <reporter-output>
          </reporter-output>
        </test-method> <!-- tearDown -->
        <test-method is-config="true" signature="end()[pri:0, instance:ai.ds.testLayer.LoginPageTest@222545dc]" started-at="2022-11-29T10:07:52 IST" name="end" finished-at="2022-11-29T10:07:52 IST" duration-ms="1" status="PASS">
          <reporter-output>
          </reporter-output>
        </test-method> <!-- end -->
      </class> <!-- ai.ds.testLayer.LoginPageTest -->
    </test> <!-- RegressionTest -->
  </suite> <!-- RegressionSuite -->
</testng-results>
